p/objeto_1652992534.0235085.jpg 1 0 0 48 48
p/objeto_1652992532.0717552.jpg 1 0 0 48 48
p/objeto_1652992532.6004384.jpg 1 0 0 48 48
p/objeto_1652992533.7523422.jpg 1 0 0 48 48
p/objeto_1652992530.2793076.jpg 1 0 0 48 48
p/objeto_1652992530.5061626.jpg 1 0 0 48 48
p/objeto_1652992530.9431174.jpg 1 0 0 48 48
p/objeto_1652992531.208671.jpg 1 0 0 48 48
p/objeto_1652992531.4964037.jpg 1 0 0 48 48
p/objeto_1652992531.799069.jpg 1 0 0 48 48
p/objeto_1652992528.6474771.jpg 1 0 0 48 48
p/objeto_1652992529.8591945.jpg 1 0 0 48 48
p/objeto_1652992524.1670158.jpg 1 0 0 48 48
p/objeto_1652992524.472769.jpg 1 0 0 48 48
p/objeto_1652992524.7122722.jpg 1 0 0 48 48
p/objeto_1652992524.9994328.jpg 1 0 0 48 48
p/objeto_1652992525.2400286.jpg 1 0 0 48 48
p/objeto_1652992525.5373998.jpg 1 0 0 48 48
p/objeto_1652992525.815562.jpg 1 0 0 48 48
p/objeto_1652992522.3709867.jpg 1 0 0 48 48
p/objeto_1652992523.0473611.jpg 1 0 0 48 48
p/objeto_1652992523.6402643.jpg 1 0 0 48 48
p/objeto_1652992523.9114537.jpg 1 0 0 48 48
p/objeto_1652992520.1994085.jpg 1 0 0 48 48
p/objeto_1652992518.3114302.jpg 1 0 0 48 48
p/objeto_1652992518.7434936.jpg 1 0 0 48 48
p/objeto_1652992519.67146.jpg 1 0 0 48 48
p/objeto_1652992512.255632.jpg 1 0 0 48 48
p/objeto_1652992512.903505.jpg 1 0 0 48 48
p/objeto_1652992513.335517.jpg 1 0 0 48 48
p/objeto_1652992513.618207.jpg 1 0 0 48 48
p/objeto_1652992513.8992229.jpg 1 0 0 48 48
p/objeto_1652992510.7602847.jpg 1 0 0 48 48
p/objeto_1652992511.255095.jpg 1 0 0 48 48
p/objeto_1652992508.5419703.jpg 1 0 0 48 48
p/objeto_1652992509.905821.jpg 1 0 0 48 48
p/objeto_1652992506.9354234.jpg 1 0 0 48 48
p/objeto_1652992507.54407.jpg 1 0 0 48 48
p/objeto_1652992501.1753826.jpg 1 0 0 48 48
p/objeto_1652992498.5632024.jpg 1 0 0 48 48
p/objeto_1652992497.5910704.jpg 1 0 0 48 48
p/objeto_1652992484.6570265.jpg 1 0 0 48 48
p/objeto_1652992475.7193768.jpg 1 0 0 48 48
p/objeto_1652992470.1194615.jpg 1 0 0 48 48
p/objeto_1652992471.2651026.jpg 1 0 0 48 48
p/objeto_1652992432.7755775.jpg 1 0 0 48 48
p/objeto_1652992430.136413.jpg 1 0 0 48 48
p/objeto_1652992430.4568896.jpg 1 0 0 48 48
p/objeto_1652992430.7593112.jpg 1 0 0 48 48
p/objeto_1652992431.095495.jpg 1 0 0 48 48
p/objeto_1652992431.3952127.jpg 1 0 0 48 48
p/objeto_1652992431.7206507.jpg 1 0 0 48 48
p/objeto_1652992431.9690025.jpg 1 0 0 48 48
p/objeto_1652992428.2473953.jpg 1 0 0 48 48
p/objeto_1652992428.567433.jpg 1 0 0 48 48
p/objeto_1652992428.8715653.jpg 1 0 0 48 48
p/objeto_1652992429.239589.jpg 1 0 0 48 48
p/objeto_1652992429.895509.jpg 1 0 0 48 48
p/objeto_1652992426.3915644.jpg 1 0 0 48 48
p/objeto_1652992426.8234956.jpg 1 0 0 48 48
p/objeto_1652992427.2074988.jpg 1 0 0 48 48
p/objeto_1652992427.5853662.jpg 1 0 0 48 48
p/objeto_1652992427.94338.jpg 1 0 0 48 48
p/objeto_1652992424.6314006.jpg 1 0 0 48 48
p/objeto_1652992425.1274028.jpg 1 0 0 48 48
p/objeto_1652992425.5400882.jpg 1 0 0 48 48
p/objeto_1652992425.8154438.jpg 1 0 0 48 48
p/objeto_1652992388.2968326.jpg 1 0 0 48 48
p/objeto_1652992388.6791093.jpg 1 0 0 48 48
p/objeto_1652992389.0319328.jpg 1 0 0 48 48
p/objeto_1652992387.1436174.jpg 1 0 0 48 48
p/objeto_1652992384.2948577.jpg 1 0 0 48 48
p/objeto_1652992384.8078249.jpg 1 0 0 48 48
p/objeto_1652992385.8950713.jpg 1 0 0 48 48
p/objeto_1652992382.1834588.jpg 1 0 0 48 48
p/objeto_1652992382.584874.jpg 1 0 0 48 48
p/objeto_1652992382.967169.jpg 1 0 0 48 48
p/objeto_1652992380.8235638.jpg 1 0 0 48 48
p/objeto_1652992381.2880735.jpg 1 0 0 48 48
p/objeto_1652992381.751185.jpg 1 0 0 48 48
p/objeto_1652992375.7608745.jpg 1 0 0 48 48
p/objeto_1652992379.959134.jpg 1 0 0 48 48
p/objeto_1652992358.102459.jpg 1 0 0 48 48
p/objeto_1652992358.423542.jpg 1 0 0 48 48
p/objeto_1652992358.7933717.jpg 1 0 0 48 48
p/objeto_1652992359.1115532.jpg 1 0 0 48 48
p/objeto_1652992359.3213575.jpg 1 0 0 48 48
p/objeto_1652992359.575537.jpg 1 0 0 48 48
p/objeto_1652992356.9355795.jpg 1 0 0 48 48
p/objeto_1652992357.3602738.jpg 1 0 0 48 48
p/objeto_1652992357.7515638.jpg 1 0 0 48 48
p/objeto_1652992354.1035697.jpg 1 0 0 48 48
p/objeto_1652992354.7430322.jpg 1 0 0 48 48
p/objeto_1652992355.6400182.jpg 1 0 0 48 48
p/objeto_1652992351.9914916.jpg 1 0 0 48 48
p/objeto_1652992352.8555355.jpg 1 0 0 48 48
p/objeto_1652992351.1416774.jpg 1 0 0 48 48
p/objeto_1652992344.375524.jpg 1 0 0 48 48
p/objeto_1652992332.9365888.jpg 1 0 0 48 48
p/objeto_1652992309.6551034.jpg 1 0 0 48 48
p/objeto_1652992307.4285636.jpg 1 0 0 48 48
p/objeto_1652992304.6315181.jpg 1 0 0 48 48
p/objeto_1652992305.7043178.jpg 1 0 0 48 48
p/objeto_1652992299.0963614.jpg 1 0 0 48 48
p/objeto_1652992296.3115964.jpg 1 0 0 48 48
p/objeto_1652992297.7952123.jpg 1 0 0 48 48
p/objeto_1652992294.4653456.jpg 1 0 0 48 48
p/objeto_1652992293.112548.jpg 1 0 0 48 48
p/objeto_1652992287.7684906.jpg 1 0 0 48 48
p/objeto_1652992224.4077501.jpg 1 0 0 48 48