p/objeto_1653701164.0051172.jpg 1 0 0 48 48
p/objeto_1653701164.2130294.jpg 1 0 0 48 48
p/objeto_1653701164.4370456.jpg 1 0 0 48 48
p/objeto_1653701164.6778228.jpg 1 0 0 48 48
p/objeto_1653701164.8685412.jpg 1 0 0 48 48
p/objeto_1653701162.4210525.jpg 1 0 0 48 48
p/objeto_1653701162.6609087.jpg 1 0 0 48 48
p/objeto_1653701162.885059.jpg 1 0 0 48 48
p/objeto_1653701163.1033895.jpg 1 0 0 48 48
p/objeto_1653701163.295755.jpg 1 0 0 48 48
p/objeto_1653701163.551237.jpg 1 0 0 48 48
p/objeto_1653701163.75974.jpg 1 0 0 48 48
p/objeto_1653701160.2280273.jpg 1 0 0 48 48
p/objeto_1653701160.4370313.jpg 1 0 0 48 48
p/objeto_1653701160.647418.jpg 1 0 0 48 48
p/objeto_1653701160.8690207.jpg 1 0 0 48 48
p/objeto_1653701161.3649483.jpg 1 0 0 48 48
p/objeto_1653701161.5889835.jpg 1 0 0 48 48
p/objeto_1653701161.8285086.jpg 1 0 0 48 48
p/objeto_1653701158.1170034.jpg 1 0 0 48 48
p/objeto_1653701158.4050758.jpg 1 0 0 48 48
p/objeto_1653701158.623198.jpg 1 0 0 48 48
p/objeto_1653701158.9170182.jpg 1 0 0 48 48
p/objeto_1653701159.151757.jpg 1 0 0 48 48
p/objeto_1653701159.3907018.jpg 1 0 0 48 48
p/objeto_1653701159.7010584.jpg 1 0 0 48 48
p/objeto_1653701159.9089499.jpg 1 0 0 48 48
p/objeto_1653701156.2280934.jpg 1 0 0 48 48
p/objeto_1653701156.4851978.jpg 1 0 0 48 48
p/objeto_1653701156.7888544.jpg 1 0 0 48 48
p/objeto_1653701156.9914942.jpg 1 0 0 48 48
p/objeto_1653701157.253266.jpg 1 0 0 48 48
p/objeto_1653701157.8130455.jpg 1 0 0 48 48
p/objeto_1653701154.7431164.jpg 1 0 0 48 48
p/objeto_1653701155.0291293.jpg 1 0 0 48 48
p/objeto_1653701155.2691255.jpg 1 0 0 48 48
p/objeto_1653701155.4929824.jpg 1 0 0 48 48
p/objeto_1653701155.7326748.jpg 1 0 0 48 48
p/objeto_1653701155.967404.jpg 1 0 0 48 48
p/objeto_1653701152.0850923.jpg 1 0 0 48 48
p/objeto_1653701152.3091264.jpg 1 0 0 48 48
p/objeto_1653701152.4951904.jpg 1 0 0 48 48
p/objeto_1653701152.708986.jpg 1 0 0 48 48
p/objeto_1653701152.991217.jpg 1 0 0 48 48
p/objeto_1653701150.133296.jpg 1 0 0 48 48
p/objeto_1653701150.3572714.jpg 1 0 0 48 48
p/objeto_1653701150.6291206.jpg 1 0 0 48 48
p/objeto_1653701151.5888517.jpg 1 0 0 48 48
p/objeto_1653701151.8232248.jpg 1 0 0 48 48
p/objeto_1653701148.3730752.jpg 1 0 0 48 48
p/objeto_1653701148.650957.jpg 1 0 0 48 48
p/objeto_1653701148.869032.jpg 1 0 0 48 48
p/objeto_1653701149.204964.jpg 1 0 0 48 48
p/objeto_1653701149.4374278.jpg 1 0 0 48 48
p/objeto_1653701149.679112.jpg 1 0 0 48 48
p/objeto_1653701149.8927763.jpg 1 0 0 48 48
p/objeto_1653701146.0209503.jpg 1 0 0 48 48
p/objeto_1653701146.7409883.jpg 1 0 0 48 48
p/objeto_1653701145.8129983.jpg 1 0 0 48 48
p/objeto_1653701141.0872638.jpg 1 0 0 48 48
p/objeto_1653701141.3811255.jpg 1 0 0 48 48
p/objeto_1653701141.6153011.jpg 1 0 0 48 48
p/objeto_1653701123.0609202.jpg 1 0 0 48 48
p/objeto_1653701114.3730595.jpg 1 0 0 48 48
p/objeto_1653701114.708922.jpg 1 0 0 48 48
p/objeto_1653701114.965182.jpg 1 0 0 48 48
p/objeto_1653701112.9169092.jpg 1 0 0 48 48
p/objeto_1653701113.1833928.jpg 1 0 0 48 48
p/objeto_1653701110.1645737.jpg 1 0 0 48 48
p/objeto_1653701110.4370701.jpg 1 0 0 48 48
p/objeto_1653701111.4289925.jpg 1 0 0 48 48
p/objeto_1653701111.6210968.jpg 1 0 0 48 48
p/objeto_1653701108.1269863.jpg 1 0 0 48 48
p/objeto_1653701106.1169446.jpg 1 0 0 48 48
p/objeto_1653701106.3569922.jpg 1 0 0 48 48
p/objeto_1653701106.6132107.jpg 1 0 0 48 48
p/objeto_1653701106.8210528.jpg 1 0 0 48 48
p/objeto_1653701107.044877.jpg 1 0 0 48 48
p/objeto_1653701107.381377.jpg 1 0 0 48 48
p/objeto_1653701107.6529896.jpg 1 0 0 48 48
p/objeto_1653701107.9090436.jpg 1 0 0 48 48
p/objeto_1653701104.3351686.jpg 1 0 0 48 48
p/objeto_1653701104.6288831.jpg 1 0 0 48 48
p/objeto_1653701104.8695374.jpg 1 0 0 48 48
p/objeto_1653701105.1031523.jpg 1 0 0 48 48
p/objeto_1653701105.3431115.jpg 1 0 0 48 48
p/objeto_1653701105.566977.jpg 1 0 0 48 48
p/objeto_1653701105.828394.jpg 1 0 0 48 48
p/objeto_1653701102.0045683.jpg 1 0 0 48 48
p/objeto_1653701102.340979.jpg 1 0 0 48 48
p/objeto_1653701102.6450164.jpg 1 0 0 48 48
p/objeto_1653701102.869479.jpg 1 0 0 48 48
p/objeto_1653701103.444816.jpg 1 0 0 48 48
p/objeto_1653701103.6470304.jpg 1 0 0 48 48
p/objeto_1653701103.972827.jpg 1 0 0 48 48
p/objeto_1653701101.7477815.jpg 1 0 0 48 48
p/objeto_1653701091.0768507.jpg 1 0 0 48 48
p/objeto_1653701099.1843102.jpg 1 0 0 48 48
p/objeto_1653701099.2258604.jpg 1 0 0 48 48
p/objeto_1653701080.036558.jpg 1 0 0 48 48
p/objeto_1653701080.501035.jpg 1 0 0 48 48
p/objeto_1653701080.7407198.jpg 1 0 0 48 48
p/objeto_1653701078.1271956.jpg 1 0 0 48 48
p/objeto_1653701078.4206593.jpg 1 0 0 48 48
p/objeto_1653701078.7188642.jpg 1 0 0 48 48
p/objeto_1653701078.9271972.jpg 1 0 0 48 48
p/objeto_1653701079.141178.jpg 1 0 0 48 48
p/objeto_1653701079.349112.jpg 1 0 0 48 48
p/objeto_1653701079.5826201.jpg 1 0 0 48 48
p/objeto_1653701079.812886.jpg 1 0 0 48 48
p/objeto_1653701076.3670588.jpg 1 0 0 48 48
p/objeto_1653701076.6608448.jpg 1 0 0 48 48
p/objeto_1653701077.071023.jpg 1 0 0 48 48
p/objeto_1653701077.3648632.jpg 1 0 0 48 48
p/objeto_1653701077.6328306.jpg 1 0 0 48 48
p/objeto_1653701077.8610067.jpg 1 0 0 48 48
p/objeto_1653701074.1909106.jpg 1 0 0 48 48
p/objeto_1653701074.446741.jpg 1 0 0 48 48
p/objeto_1653701074.7078896.jpg 1 0 0 48 48
p/objeto_1653701074.965145.jpg 1 0 0 48 48
p/objeto_1653701075.268962.jpg 1 0 0 48 48
p/objeto_1653701073.6048841.jpg 1 0 0 48 48
p/objeto_1653701073.9220018.jpg 1 0 0 48 48
p/objeto_1653701070.0048895.jpg 1 0 0 48 48
p/objeto_1653701052.0687973.jpg 1 0 0 48 48
p/objeto_1653701050.0309906.jpg 1 0 0 48 48
p/objeto_1653701050.3254886.jpg 1 0 0 48 48
p/objeto_1653701050.5490155.jpg 1 0 0 48 48
p/objeto_1653701050.7727728.jpg 1 0 0 48 48
p/objeto_1653701051.1509783.jpg 1 0 0 48 48
p/objeto_1653701051.3908653.jpg 1 0 0 48 48
p/objeto_1653701051.6368036.jpg 1 0 0 48 48
p/objeto_1653701051.8448372.jpg 1 0 0 48 48
p/objeto_1653701049.1569362.jpg 1 0 0 48 48
p/objeto_1653701049.4621327.jpg 1 0 0 48 48
p/objeto_1653701049.694895.jpg 1 0 0 48 48
p/objeto_1653701044.1497989.jpg 1 0 0 48 48
p/objeto_1653701044.7566645.jpg 1 0 0 48 48
p/objeto_1653701045.3297477.jpg 1 0 0 48 48
p/objeto_1653701043.4288237.jpg 1 0 0 48 48
p/objeto_1653701043.6531677.jpg 1 0 0 48 48
p/objeto_1653701043.871058.jpg 1 0 0 48 48
p/objeto_1653701036.383054.jpg 1 0 0 48 48
p/objeto_1653700989.9407578.jpg 1 0 0 48 48
p/objeto_1653701000.995191.jpg 1 0 0 48 48
p/objeto_1653701001.030888.jpg 1 0 0 48 48
p/objeto_1653701001.0605917.jpg 1 0 0 48 48
p/objeto_1653701001.0884035.jpg 1 0 0 48 48
p/objeto_1653701001.117404.jpg 1 0 0 48 48
p/objeto_1653701001.1451917.jpg 1 0 0 48 48
p/objeto_1653701001.1745052.jpg 1 0 0 48 48
p/objeto_1653701001.2057447.jpg 1 0 0 48 48
p/objeto_1653700941.783371.jpg 1 0 0 48 48
p/objeto_1653700951.3618782.jpg 1 0 0 48 48
p/objeto_1653700951.396323.jpg 1 0 0 48 48
p/objeto_1653700951.4252713.jpg 1 0 0 48 48
p/objeto_1653700951.452995.jpg 1 0 0 48 48
p/objeto_1653700951.479554.jpg 1 0 0 48 48
p/objeto_1653700951.5063746.jpg 1 0 0 48 48
p/objeto_1653700951.5405328.jpg 1 0 0 48 48
p/objeto_1653700951.5696878.jpg 1 0 0 48 48
p/objeto_1653700951.6022933.jpg 1 0 0 48 48
p/objeto_1653700951.6308115.jpg 1 0 0 48 48
p/objeto_1653700932.0526896.jpg 1 0 0 48 48
p/objeto_1653700932.2444847.jpg 1 0 0 48 48
p/objeto_1653700932.4629033.jpg 1 0 0 48 48
p/objeto_1653700932.6863093.jpg 1 0 0 48 48
p/objeto_1653700932.9167807.jpg 1 0 0 48 48
p/objeto_1653700933.0867271.jpg 1 0 0 48 48
p/objeto_1653700930.1320024.jpg 1 0 0 48 48
p/objeto_1653700930.388563.jpg 1 0 0 48 48
p/objeto_1653700930.637516.jpg 1 0 0 48 48
p/objeto_1653700930.8847263.jpg 1 0 0 48 48
p/objeto_1653700931.158455.jpg 1 0 0 48 48
p/objeto_1653700931.3909109.jpg 1 0 0 48 48
p/objeto_1653700931.6525745.jpg 1 0 0 48 48
p/objeto_1653700931.844612.jpg 1 0 0 48 48
p/objeto_1653700928.0364969.jpg 1 0 0 48 48
p/objeto_1653700928.4145846.jpg 1 0 0 48 48
p/objeto_1653700928.6282668.jpg 1 0 0 48 48
p/objeto_1653700928.8687963.jpg 1 0 0 48 48
p/objeto_1653700929.124935.jpg 1 0 0 48 48
p/objeto_1653700929.3646543.jpg 1 0 0 48 48
p/objeto_1653700929.5885308.jpg 1 0 0 48 48
p/objeto_1653700929.891796.jpg 1 0 0 48 48
p/objeto_1653700926.2226975.jpg 1 0 0 48 48
p/objeto_1653700926.4290812.jpg 1 0 0 48 48
p/objeto_1653700926.6776626.jpg 1 0 0 48 48
p/objeto_1653700926.8846068.jpg 1 0 0 48 48
p/objeto_1653700927.108831.jpg 1 0 0 48 48
p/objeto_1653700927.348495.jpg 1 0 0 48 48
p/objeto_1653700927.5826974.jpg 1 0 0 48 48
p/objeto_1653700927.8127224.jpg 1 0 0 48 48
p/objeto_1653700924.2287884.jpg 1 0 0 48 48
p/objeto_1653700924.4524426.jpg 1 0 0 48 48
p/objeto_1653700924.6929357.jpg 1 0 0 48 48
p/objeto_1653700924.926723.jpg 1 0 0 48 48
p/objeto_1653700925.220666.jpg 1 0 0 48 48
p/objeto_1653700925.4706933.jpg 1 0 0 48 48
p/objeto_1653700925.956748.jpg 1 0 0 48 48
p/objeto_1653700922.7405932.jpg 1 0 0 48 48
p/objeto_1653700923.0386572.jpg 1 0 0 48 48
p/objeto_1653700923.3005388.jpg 1 0 0 48 48
p/objeto_1653700923.6787014.jpg 1 0 0 48 48
p/objeto_1653700923.9568436.jpg 1 0 0 48 48
p/objeto_1653700920.2765975.jpg 1 0 0 48 48
p/objeto_1653700920.494443.jpg 1 0 0 48 48
p/objeto_1653700918.8950603.jpg 1 0 0 48 48
p/objeto_1653700919.1886423.jpg 1 0 0 48 48
p/objeto_1653700919.4297345.jpg 1 0 0 48 48
p/objeto_1653700919.9561446.jpg 1 0 0 48 48
p/objeto_1653700864.9802537.jpg 1 0 0 48 48
p/objeto_1653700865.204459.jpg 1 0 0 48 48
p/objeto_1653700858.8204546.jpg 1 0 0 48 48
p/objeto_1653700863.037326.jpg 1 0 0 48 48
p/objeto_1653700863.0659108.jpg 1 0 0 48 48
p/objeto_1653700863.0947554.jpg 1 0 0 48 48
p/objeto_1653700863.1234767.jpg 1 0 0 48 48
p/objeto_1653700863.1522868.jpg 1 0 0 48 48
p/objeto_1653700863.1826916.jpg 1 0 0 48 48
p/objeto_1653700863.210968.jpg 1 0 0 48 48
p/objeto_1653700863.2396672.jpg 1 0 0 48 48
p/objeto_1653700863.2693036.jpg 1 0 0 48 48
p/objeto_1653700863.2988157.jpg 1 0 0 48 48
p/objeto_1653700844.1646745.jpg 1 0 0 48 48
p/objeto_1653700844.3244474.jpg 1 0 0 48 48
p/objeto_1653700842.308619.jpg 1 0 0 48 48
p/objeto_1653700842.580541.jpg 1 0 0 48 48
p/objeto_1653700842.8466303.jpg 1 0 0 48 48
p/objeto_1653700843.4762993.jpg 1 0 0 48 48
p/objeto_1653700843.7004461.jpg 1 0 0 48 48
p/objeto_1653700843.9403572.jpg 1 0 0 48 48
p/objeto_1653700836.1485546.jpg 1 0 0 48 48
p/objeto_1653700836.4046173.jpg 1 0 0 48 48
p/objeto_1653700836.654567.jpg 1 0 0 48 48
p/objeto_1653700836.8782623.jpg 1 0 0 48 48
p/objeto_1653700837.0866153.jpg 1 0 0 48 48
p/objeto_1653700834.6285648.jpg 1 0 0 48 48
p/objeto_1653700834.8844306.jpg 1 0 0 48 48
p/objeto_1653700835.124485.jpg 1 0 0 48 48
p/objeto_1653700835.5346632.jpg 1 0 0 48 48
p/objeto_1653700835.8443725.jpg 1 0 0 48 48
p/objeto_1653700833.2042418.jpg 1 0 0 48 48
p/objeto_1653700833.7341678.jpg 1 0 0 48 48
p/objeto_1653700833.8386004.jpg 1 0 0 48 48
p/objeto_1653700674.1962192.jpg 1 0 0 48 48
p/objeto_1653700674.4041758.jpg 1 0 0 48 48
p/objeto_1653700674.59632.jpg 1 0 0 48 48
p/objeto_1653700674.8036065.jpg 1 0 0 48 48
p/objeto_1653700674.9950933.jpg 1 0 0 48 48
p/objeto_1653700675.211386.jpg 1 0 0 48 48
p/objeto_1653700672.2603507.jpg 1 0 0 48 48
p/objeto_1653700672.6121264.jpg 1 0 0 48 48
p/objeto_1653700672.9264014.jpg 1 0 0 48 48
p/objeto_1653700673.247332.jpg 1 0 0 48 48
p/objeto_1653700673.5412416.jpg 1 0 0 48 48
p/objeto_1653700673.7953815.jpg 1 0 0 48 48
p/objeto_1653700673.9721236.jpg 1 0 0 48 48
p/objeto_1653700670.0525067.jpg 1 0 0 48 48
p/objeto_1653700670.2920735.jpg 1 0 0 48 48
p/objeto_1653700670.7020953.jpg 1 0 0 48 48
p/objeto_1653700670.9902847.jpg 1 0 0 48 48
p/objeto_1653700671.2621543.jpg 1 0 0 48 48
p/objeto_1653700671.5240457.jpg 1 0 0 48 48
p/objeto_1653700671.955169.jpg 1 0 0 48 48
p/objeto_1653700668.196991.jpg 1 0 0 48 48
p/objeto_1653700668.46818.jpg 1 0 0 48 48
p/objeto_1653700668.8042455.jpg 1 0 0 48 48
p/objeto_1653700669.0702875.jpg 1 0 0 48 48
p/objeto_1653700669.3102314.jpg 1 0 0 48 48
p/objeto_1653700669.5663323.jpg 1 0 0 48 48
p/objeto_1653700669.7964787.jpg 1 0 0 48 48
p/objeto_1653700666.515455.jpg 1 0 0 48 48
p/objeto_1653700666.770585.jpg 1 0 0 48 48
p/objeto_1653700667.2457128.jpg 1 0 0 48 48
p/objeto_1653700667.6141806.jpg 1 0 0 48 48
p/objeto_1653700667.8860993.jpg 1 0 0 48 48
p/objeto_1653700664.6543665.jpg 1 0 0 48 48
p/objeto_1653700664.6807299.jpg 1 0 0 48 48
p/objeto_1653700664.7074554.jpg 1 0 0 48 48