p/objeto_1653670974.0599236.jpg 1 0 0 48 48
p/objeto_1653670974.3152895.jpg 1 0 0 48 48
p/objeto_1653670974.5316474.jpg 1 0 0 48 48
p/objeto_1653670974.7633228.jpg 1 0 0 48 48
p/objeto_1653670972.1714597.jpg 1 0 0 48 48
p/objeto_1653670972.3966022.jpg 1 0 0 48 48
p/objeto_1653670972.6687968.jpg 1 0 0 48 48
p/objeto_1653670972.8986156.jpg 1 0 0 48 48
p/objeto_1653670973.1647618.jpg 1 0 0 48 48
p/objeto_1653670973.4516313.jpg 1 0 0 48 48
p/objeto_1653670973.7564776.jpg 1 0 0 48 48
p/objeto_1653670970.1076388.jpg 1 0 0 48 48
p/objeto_1653670970.3473773.jpg 1 0 0 48 48
p/objeto_1653670970.604688.jpg 1 0 0 48 48
p/objeto_1653670970.8295028.jpg 1 0 0 48 48
p/objeto_1653670971.0356767.jpg 1 0 0 48 48
p/objeto_1653670971.276586.jpg 1 0 0 48 48
p/objeto_1653670971.5446088.jpg 1 0 0 48 48
p/objeto_1653670971.900844.jpg 1 0 0 48 48
p/objeto_1653670968.0271547.jpg 1 0 0 48 48
p/objeto_1653670968.2517424.jpg 1 0 0 48 48
p/objeto_1653670968.4919136.jpg 1 0 0 48 48
p/objeto_1653670968.6992843.jpg 1 0 0 48 48
p/objeto_1653670968.9875636.jpg 1 0 0 48 48
p/objeto_1653670969.2445598.jpg 1 0 0 48 48
p/objeto_1653670969.6116471.jpg 1 0 0 48 48
p/objeto_1653670969.8634975.jpg 1 0 0 48 48
p/objeto_1653670966.0597334.jpg 1 0 0 48 48
p/objeto_1653670966.301009.jpg 1 0 0 48 48
p/objeto_1653670966.604493.jpg 1 0 0 48 48
p/objeto_1653670966.8596747.jpg 1 0 0 48 48
p/objeto_1653670967.114359.jpg 1 0 0 48 48
p/objeto_1653670967.3567078.jpg 1 0 0 48 48
p/objeto_1653670967.5815823.jpg 1 0 0 48 48
p/objeto_1653670967.7993495.jpg 1 0 0 48 48
p/objeto_1653670965.248342.jpg 1 0 0 48 48
p/objeto_1653670965.5636275.jpg 1 0 0 48 48
p/objeto_1653670965.8367686.jpg 1 0 0 48 48
p/objeto_1653670962.1885521.jpg 1 0 0 48 48
p/objeto_1653670962.4688327.jpg 1 0 0 48 48
p/objeto_1653670963.1471553.jpg 1 0 0 48 48
p/objeto_1653670963.452856.jpg 1 0 0 48 48
p/objeto_1653670963.9796672.jpg 1 0 0 48 48
p/objeto_1653670960.203905.jpg 1 0 0 48 48
p/objeto_1653670960.4350533.jpg 1 0 0 48 48
p/objeto_1653670960.6994908.jpg 1 0 0 48 48
p/objeto_1653670960.924728.jpg 1 0 0 48 48
p/objeto_1653670961.2128057.jpg 1 0 0 48 48
p/objeto_1653670961.4673054.jpg 1 0 0 48 48
p/objeto_1653670961.7240505.jpg 1 0 0 48 48
p/objeto_1653670961.9440303.jpg 1 0 0 48 48
p/objeto_1653670958.107697.jpg 1 0 0 48 48
p/objeto_1653670958.6847801.jpg 1 0 0 48 48
p/objeto_1653670958.940915.jpg 1 0 0 48 48
p/objeto_1653670959.190428.jpg 1 0 0 48 48
p/objeto_1653670959.4678648.jpg 1 0 0 48 48
p/objeto_1653670959.739868.jpg 1 0 0 48 48
p/objeto_1653670959.96385.jpg 1 0 0 48 48
p/objeto_1653670956.1876917.jpg 1 0 0 48 48
p/objeto_1653670956.4926424.jpg 1 0 0 48 48
p/objeto_1653670956.7796533.jpg 1 0 0 48 48
p/objeto_1653670957.0837615.jpg 1 0 0 48 48
p/objeto_1653670957.306358.jpg 1 0 0 48 48
p/objeto_1653670957.5795057.jpg 1 0 0 48 48
p/objeto_1653670957.8517177.jpg 1 0 0 48 48
p/objeto_1653670955.4675875.jpg 1 0 0 48 48
p/objeto_1653670912.1874352.jpg 1 0 0 48 48
p/objeto_1653670912.413691.jpg 1 0 0 48 48
p/objeto_1653670912.652519.jpg 1 0 0 48 48
p/objeto_1653670912.8618734.jpg 1 0 0 48 48
p/objeto_1653670913.0509017.jpg 1 0 0 48 48
p/objeto_1653670913.307418.jpg 1 0 0 48 48
p/objeto_1653670913.5005212.jpg 1 0 0 48 48
p/objeto_1653670913.6766236.jpg 1 0 0 48 48
p/objeto_1653670910.0596445.jpg 1 0 0 48 48
p/objeto_1653670910.2673874.jpg 1 0 0 48 48
p/objeto_1653670910.5236044.jpg 1 0 0 48 48
p/objeto_1653670910.7324648.jpg 1 0 0 48 48
p/objeto_1653670910.936394.jpg 1 0 0 48 48
p/objeto_1653670911.1235309.jpg 1 0 0 48 48
p/objeto_1653670911.3398283.jpg 1 0 0 48 48
p/objeto_1653670911.5476544.jpg 1 0 0 48 48
p/objeto_1653670911.7554314.jpg 1 0 0 48 48
p/objeto_1653670911.9793687.jpg 1 0 0 48 48
p/objeto_1653670908.2365246.jpg 1 0 0 48 48
p/objeto_1653670908.4435785.jpg 1 0 0 48 48
p/objeto_1653670908.69981.jpg 1 0 0 48 48
p/objeto_1653670908.9396126.jpg 1 0 0 48 48
p/objeto_1653670909.1632192.jpg 1 0 0 48 48
p/objeto_1653670909.4036117.jpg 1 0 0 48 48
p/objeto_1653670909.6275883.jpg 1 0 0 48 48
p/objeto_1653670909.8378234.jpg 1 0 0 48 48
p/objeto_1653670906.2060335.jpg 1 0 0 48 48
p/objeto_1653670906.4765365.jpg 1 0 0 48 48
p/objeto_1653670906.954787.jpg 1 0 0 48 48
p/objeto_1653670907.1864834.jpg 1 0 0 48 48
p/objeto_1653670907.7397983.jpg 1 0 0 48 48
p/objeto_1653670907.98097.jpg 1 0 0 48 48
p/objeto_1653670904.3632941.jpg 1 0 0 48 48
p/objeto_1653670904.746688.jpg 1 0 0 48 48
p/objeto_1653670904.9896157.jpg 1 0 0 48 48
p/objeto_1653670905.2914822.jpg 1 0 0 48 48
p/objeto_1653670905.516617.jpg 1 0 0 48 48
p/objeto_1653670905.7238095.jpg 1 0 0 48 48
p/objeto_1653670905.9799023.jpg 1 0 0 48 48
p/objeto_1653670888.6657012.jpg 1 0 0 48 48
p/objeto_1653670896.7464337.jpg 1 0 0 48 48
p/objeto_1653670854.2511547.jpg 1 0 0 48 48
p/objeto_1653670854.4913964.jpg 1 0 0 48 48
p/objeto_1653670854.98755.jpg 1 0 0 48 48
p/objeto_1653670855.2113562.jpg 1 0 0 48 48
p/objeto_1653670852.6365776.jpg 1 0 0 48 48
p/objeto_1653670853.4152458.jpg 1 0 0 48 48
p/objeto_1653670853.8823106.jpg 1 0 0 48 48
p/objeto_1653670850.356056.jpg 1 0 0 48 48
p/objeto_1653670850.6509883.jpg 1 0 0 48 48
p/objeto_1653670851.2754622.jpg 1 0 0 48 48
p/objeto_1653670851.77198.jpg 1 0 0 48 48
p/objeto_1653670848.092511.jpg 1 0 0 48 48
p/objeto_1653670848.8593435.jpg 1 0 0 48 48
p/objeto_1653670849.2921526.jpg 1 0 0 48 48
p/objeto_1653670849.5791755.jpg 1 0 0 48 48
p/objeto_1653670849.8514857.jpg 1 0 0 48 48
p/objeto_1653670846.342186.jpg 1 0 0 48 48
p/objeto_1653670846.8764536.jpg 1 0 0 48 48
p/objeto_1653670847.4148426.jpg 1 0 0 48 48
p/objeto_1653670847.6596622.jpg 1 0 0 48 48
p/objeto_1653670844.070805.jpg 1 0 0 48 48
p/objeto_1653670844.3655298.jpg 1 0 0 48 48
p/objeto_1653670844.6520865.jpg 1 0 0 48 48
p/objeto_1653670844.908726.jpg 1 0 0 48 48
p/objeto_1653670845.5475388.jpg 1 0 0 48 48
p/objeto_1653670843.6925015.jpg 1 0 0 48 48
p/objeto_1653670834.1082888.jpg 1 0 0 48 48
p/objeto_1653670816.7956877.jpg 1 0 0 48 48
p/objeto_1653670802.1712542.jpg 1 0 0 48 48
p/objeto_1653670802.331128.jpg 1 0 0 48 48
p/objeto_1653670800.2675781.jpg 1 0 0 48 48
p/objeto_1653670800.5713887.jpg 1 0 0 48 48
p/objeto_1653670800.824178.jpg 1 0 0 48 48
p/objeto_1653670801.036515.jpg 1 0 0 48 48
p/objeto_1653670801.2428873.jpg 1 0 0 48 48
p/objeto_1653670801.4671636.jpg 1 0 0 48 48
p/objeto_1653670801.7070084.jpg 1 0 0 48 48
p/objeto_1653670801.9425814.jpg 1 0 0 48 48
p/objeto_1653670798.0598428.jpg 1 0 0 48 48
p/objeto_1653670799.4512668.jpg 1 0 0 48 48
p/objeto_1653670799.9472182.jpg 1 0 0 48 48
p/objeto_1653670796.2843158.jpg 1 0 0 48 48
p/objeto_1653670796.7630763.jpg 1 0 0 48 48
p/objeto_1653670797.4946601.jpg 1 0 0 48 48
p/objeto_1653616090.0262668.jpg 1 0 0 48 48
p/objeto_1653616090.2507675.jpg 1 0 0 48 48
p/objeto_1653616090.5077562.jpg 1 0 0 48 48
p/objeto_1653616090.6982665.jpg 1 0 0 48 48
p/objeto_1653616090.954376.jpg 1 0 0 48 48
p/objeto_1653616091.1900427.jpg 1 0 0 48 48
p/objeto_1653616091.4036648.jpg 1 0 0 48 48
p/objeto_1653616091.6267178.jpg 1 0 0 48 48
p/objeto_1653616088.1551442.jpg 1 0 0 48 48
p/objeto_1653616088.3482845.jpg 1 0 0 48 48
p/objeto_1653616088.5340967.jpg 1 0 0 48 48
p/objeto_1653616088.7523782.jpg 1 0 0 48 48
p/objeto_1653616088.9556563.jpg 1 0 0 48 48
p/objeto_1653616089.1543028.jpg 1 0 0 48 48
p/objeto_1653616089.3720665.jpg 1 0 0 48 48
p/objeto_1653616089.560933.jpg 1 0 0 48 48
p/objeto_1653616089.8102176.jpg 1 0 0 48 48
p/objeto_1653616086.0270424.jpg 1 0 0 48 48
p/objeto_1653616086.2689655.jpg 1 0 0 48 48
p/objeto_1653616086.5029101.jpg 1 0 0 48 48
p/objeto_1653616086.7314346.jpg 1 0 0 48 48
p/objeto_1653616087.034847.jpg 1 0 0 48 48
p/objeto_1653616087.258996.jpg 1 0 0 48 48
p/objeto_1653616087.4673214.jpg 1 0 0 48 48
p/objeto_1653616087.6910796.jpg 1 0 0 48 48
p/objeto_1653616087.9317057.jpg 1 0 0 48 48
p/objeto_1653616084.1398036.jpg 1 0 0 48 48
p/objeto_1653616084.379025.jpg 1 0 0 48 48
p/objeto_1653616084.603969.jpg 1 0 0 48 48
p/objeto_1653616084.8112674.jpg 1 0 0 48 48
p/objeto_1653616085.1061027.jpg 1 0 0 48 48
p/objeto_1653616085.3850605.jpg 1 0 0 48 48
p/objeto_1653616085.5857975.jpg 1 0 0 48 48
p/objeto_1653616085.8189242.jpg 1 0 0 48 48
p/objeto_1653616081.9947531.jpg 1 0 0 48 48
p/objeto_1653616082.2617834.jpg 1 0 0 48 48
p/objeto_1653616083.0845194.jpg 1 0 0 48 48
p/objeto_1653616083.4189777.jpg 1 0 0 48 48
p/objeto_1653616083.7078927.jpg 1 0 0 48 48
p/objeto_1653616083.9150784.jpg 1 0 0 48 48
p/objeto_1653616080.1388016.jpg 1 0 0 48 48
p/objeto_1653616080.3640394.jpg 1 0 0 48 48
p/objeto_1653616080.6026537.jpg 1 0 0 48 48
p/objeto_1653616080.8281956.jpg 1 0 0 48 48
p/objeto_1653616081.050946.jpg 1 0 0 48 48
p/objeto_1653616081.291386.jpg 1 0 0 48 48
p/objeto_1653616081.36262.jpg 1 0 0 48 48
p/objeto_1653616081.5633993.jpg 1 0 0 48 48
p/objeto_1653616081.7644792.jpg 1 0 0 48 48
p/objeto_1653616077.9937098.jpg 1 0 0 48 48
p/objeto_1653616078.2512302.jpg 1 0 0 48 48
p/objeto_1653616078.5092008.jpg 1 0 0 48 48
p/objeto_1653616078.753606.jpg 1 0 0 48 48
p/objeto_1653616079.00321.jpg 1 0 0 48 48
p/objeto_1653616079.242359.jpg 1 0 0 48 48
p/objeto_1653616079.468127.jpg 1 0 0 48 48
p/objeto_1653616079.7072814.jpg 1 0 0 48 48
p/objeto_1653616079.8849535.jpg 1 0 0 48 48
p/objeto_1653616077.2907665.jpg 1 0 0 48 48
p/objeto_1653616077.5159857.jpg 1 0 0 48 48
p/objeto_1653616077.75623.jpg 1 0 0 48 48
p/objeto_1653616070.427857.jpg 1 0 0 48 48
p/objeto_1653616074.5711098.jpg 1 0 0 48 48
p/objeto_1653616034.6469064.jpg 1 0 0 48 48
p/objeto_1653616034.9076874.jpg 1 0 0 48 48
p/objeto_1653616035.115711.jpg 1 0 0 48 48
p/objeto_1653616035.306974.jpg 1 0 0 48 48
p/objeto_1653616035.499106.jpg 1 0 0 48 48
p/objeto_1653616035.7077909.jpg 1 0 0 48 48
p/objeto_1653616035.9094808.jpg 1 0 0 48 48
p/objeto_1653616023.7070863.jpg 1 0 0 48 48
p/objeto_1653616031.2657595.jpg 1 0 0 48 48
p/objeto_1653616031.3135488.jpg 1 0 0 48 48
p/objeto_1653616031.3593807.jpg 1 0 0 48 48
p/objeto_1653616031.4071796.jpg 1 0 0 48 48
p/objeto_1653616031.4541917.jpg 1 0 0 48 48
p/objeto_1653616031.5014544.jpg 1 0 0 48 48
p/objeto_1653616031.548814.jpg 1 0 0 48 48
p/objeto_1653616031.59694.jpg 1 0 0 48 48
p/objeto_1653616031.6517007.jpg 1 0 0 48 48
p/objeto_1653616031.6989179.jpg 1 0 0 48 48
p/objeto_1653616031.74643.jpg 1 0 0 48 48
p/objeto_1653616006.7171512.jpg 1 0 0 48 48
p/objeto_1653615982.0123038.jpg 1 0 0 48 48
p/objeto_1653615982.2315657.jpg 1 0 0 48 48
p/objeto_1653615982.4442153.jpg 1 0 0 48 48
p/objeto_1653615982.6491268.jpg 1 0 0 48 48
p/objeto_1653615980.7951498.jpg 1 0 0 48 48
p/objeto_1653615981.0318794.jpg 1 0 0 48 48
p/objeto_1653615981.29084.jpg 1 0 0 48 48
p/objeto_1653615981.5282588.jpg 1 0 0 48 48
p/objeto_1653615981.7865334.jpg 1 0 0 48 48
p/objeto_1653615978.3309038.jpg 1 0 0 48 48
p/objeto_1653615972.1069987.jpg 1 0 0 48 48
p/objeto_1653615972.3789728.jpg 1 0 0 48 48
p/objeto_1653615972.5546775.jpg 1 0 0 48 48
p/objeto_1653615972.7940466.jpg 1 0 0 48 48
p/objeto_1653615973.098961.jpg 1 0 0 48 48
p/objeto_1653615970.122942.jpg 1 0 0 48 48
p/objeto_1653615970.37873.jpg 1 0 0 48 48
p/objeto_1653615970.5870254.jpg 1 0 0 48 48
p/objeto_1653615970.8116357.jpg 1 0 0 48 48
p/objeto_1653615971.0579803.jpg 1 0 0 48 48
p/objeto_1653615971.3230603.jpg 1 0 0 48 48
p/objeto_1653615971.5560803.jpg 1 0 0 48 48
p/objeto_1653615971.802769.jpg 1 0 0 48 48
p/objeto_1653615963.9950209.jpg 1 0 0 48 48
p/objeto_1653615964.2524571.jpg 1 0 0 48 48
p/objeto_1653615964.5549066.jpg 1 0 0 48 48
p/objeto_1653615964.8113163.jpg 1 0 0 48 48
p/objeto_1653615965.0826387.jpg 1 0 0 48 48
p/objeto_1653615965.3081808.jpg 1 0 0 48 48
p/objeto_1653615965.6437418.jpg 1 0 0 48 48
p/objeto_1653615965.914678.jpg 1 0 0 48 48
p/objeto_1653615963.7240844.jpg 1 0 0 48 48
p/objeto_1653615882.0433843.jpg 1 0 0 48 48
p/objeto_1653615880.134625.jpg 1 0 0 48 48
p/objeto_1653615880.395871.jpg 1 0 0 48 48
p/objeto_1653615880.6146731.jpg 1 0 0 48 48
p/objeto_1653615880.863072.jpg 1 0 0 48 48
p/objeto_1653615881.0953453.jpg 1 0 0 48 48
p/objeto_1653615881.371038.jpg 1 0 0 48 48
p/objeto_1653615881.5804532.jpg 1 0 0 48 48
p/objeto_1653615881.8356755.jpg 1 0 0 48 48
p/objeto_1653615878.5229115.jpg 1 0 0 48 48
p/objeto_1653615878.731079.jpg 1 0 0 48 48
p/objeto_1653615878.9882233.jpg 1 0 0 48 48
p/objeto_1653615879.1948142.jpg 1 0 0 48 48
p/objeto_1653615879.4626899.jpg 1 0 0 48 48
p/objeto_1653615879.7226388.jpg 1 0 0 48 48
p/objeto_1653615879.930944.jpg 1 0 0 48 48
p/objeto_1653615875.1001887.jpg 1 0 0 48 48
p/objeto_1653615877.2193372.jpg 1 0 0 48 48
p/objeto_1653615877.2655146.jpg 1 0 0 48 48
p/objeto_1653615877.3388546.jpg 1 0 0 48 48
p/objeto_1653615877.3849561.jpg 1 0 0 48 48
p/objeto_1653615877.4313142.jpg 1 0 0 48 48
p/objeto_1653615877.4766116.jpg 1 0 0 48 48
p/objeto_1653615877.5240185.jpg 1 0 0 48 48
p/objeto_1653615858.2183917.jpg 1 0 0 48 48
p/objeto_1653615858.473862.jpg 1 0 0 48 48
p/objeto_1653615858.7003825.jpg 1 0 0 48 48
p/objeto_1653615858.938698.jpg 1 0 0 48 48
p/objeto_1653615859.14753.jpg 1 0 0 48 48
p/objeto_1653615859.275835.jpg 1 0 0 48 48
p/objeto_1653615850.0588098.jpg 1 0 0 48 48
p/objeto_1653615850.3308752.jpg 1 0 0 48 48
p/objeto_1653615849.867634.jpg 1 0 0 48 48
p/objeto_1653615846.1546605.jpg 1 0 0 48 48
p/objeto_1653615846.3627317.jpg 1 0 0 48 48
p/objeto_1653615846.5802732.jpg 1 0 0 48 48
p/objeto_1653615846.8108814.jpg 1 0 0 48 48
p/objeto_1653615845.4824572.jpg 1 0 0 48 48
p/objeto_1653615828.778834.jpg 1 0 0 48 48
p/objeto_1653615744.475477.jpg 1 0 0 48 48
p/objeto_1653615718.2503738.jpg 1 0 0 48 48
p/objeto_1653615718.5074146.jpg 1 0 0 48 48
p/objeto_1653615718.8270948.jpg 1 0 0 48 48
p/objeto_1653615708.2409039.jpg 1 0 0 48 48
p/objeto_1653615716.2511892.jpg 1 0 0 48 48
p/objeto_1653615717.9791818.jpg 1 0 0 48 48
p/objeto_1653615686.2006485.jpg 1 0 0 48 48
p/objeto_1653615686.4262874.jpg 1 0 0 48 48
p/objeto_1653615684.1714935.jpg 1 0 0 48 48
p/objeto_1653615684.5715828.jpg 1 0 0 48 48
p/objeto_1653615684.8125527.jpg 1 0 0 48 48
p/objeto_1653615685.034638.jpg 1 0 0 48 48
p/objeto_1653615685.2586503.jpg 1 0 0 48 48
p/objeto_1653615685.46758.jpg 1 0 0 48 48
p/objeto_1653615685.690378.jpg 1 0 0 48 48
p/objeto_1653615685.93061.jpg 1 0 0 48 48
p/objeto_1653615683.707121.jpg 1 0 0 48 48
p/objeto_1652997044.0613983.jpg 1 0 0 48 48
p/objeto_1652997044.3007581.jpg 1 0 0 48 48
p/objeto_1652997042.3170636.jpg 1 0 0 48 48
p/objeto_1652997042.7030318.jpg 1 0 0 48 48
p/objeto_1652997042.973307.jpg 1 0 0 48 48
p/objeto_1652997043.2465756.jpg 1 0 0 48 48
p/objeto_1652997043.7751625.jpg 1 0 0 48 48
p/objeto_1652997040.6864235.jpg 1 0 0 48 48
p/objeto_1652997040.958696.jpg 1 0 0 48 48
p/objeto_1652997041.185088.jpg 1 0 0 48 48
p/objeto_1652997041.860285.jpg 1 0 0 48 48
p/objeto_1652997028.2536705.jpg 1 0 0 48 48
p/objeto_1652997028.7503433.jpg 1 0 0 48 48
p/objeto_1652997029.0874395.jpg 1 0 0 48 48
p/objeto_1652997029.3577192.jpg 1 0 0 48 48
p/objeto_1652997029.5831149.jpg 1 0 0 48 48
p/objeto_1652997027.359067.jpg 1 0 0 48 48
p/objeto_1652997027.9345238.jpg 1 0 0 48 48
p/objeto_1652997014.9751797.jpg 1 0 0 48 48
p/objeto_1652996985.085111.jpg 1 0 0 48 48
p/objeto_1652996976.23777.jpg 1 0 0 48 48
p/objeto_1652996974.237119.jpg 1 0 0 48 48
p/objeto_1652996975.072887.jpg 1 0 0 48 48
p/objeto_1652996973.390385.jpg 1 0 0 48 48
p/objeto_1652996923.4366999.jpg 1 0 0 48 48
p/objeto_1652996912.012042.jpg 1 0 0 48 48
p/objeto_1652996912.2045677.jpg 1 0 0 48 48
p/objeto_1652996912.381362.jpg 1 0 0 48 48
p/objeto_1652996912.571849.jpg 1 0 0 48 48
p/objeto_1652996910.028898.jpg 1 0 0 48 48
p/objeto_1652996910.2200277.jpg 1 0 0 48 48
p/objeto_1652996910.4914021.jpg 1 0 0 48 48
p/objeto_1652996910.683254.jpg 1 0 0 48 48
p/objeto_1652996910.9554923.jpg 1 0 0 48 48
p/objeto_1652996911.1479776.jpg 1 0 0 48 48
p/objeto_1652996911.3713808.jpg 1 0 0 48 48
p/objeto_1652996911.5812266.jpg 1 0 0 48 48
p/objeto_1652996911.8045938.jpg 1 0 0 48 48
p/objeto_1652996908.8282206.jpg 1 0 0 48 48
p/objeto_1652996909.052014.jpg 1 0 0 48 48
p/objeto_1652996909.3367186.jpg 1 0 0 48 48
p/objeto_1652996909.757628.jpg 1 0 0 48 48
p/objeto_1652996906.026704.jpg 1 0 0 48 48
p/objeto_1652996906.269058.jpg 1 0 0 48 48
p/objeto_1652996906.5732808.jpg 1 0 0 48 48
p/objeto_1652996906.780728.jpg 1 0 0 48 48
p/objeto_1652996907.0051348.jpg 1 0 0 48 48
p/objeto_1652996907.2434509.jpg 1 0 0 48 48
p/objeto_1652996907.4372327.jpg 1 0 0 48 48
p/objeto_1652996907.6606364.jpg 1 0 0 48 48
p/objeto_1652996905.6776419.jpg 1 0 0 48 48
p/objeto_1652996902.0054584.jpg 1 0 0 48 48
p/objeto_1652996902.2368422.jpg 1 0 0 48 48
p/objeto_1652996901.3724446.jpg 1 0 0 48 48
p/objeto_1652996901.7720819.jpg 1 0 0 48 48
p/objeto_1652996899.9173381.jpg 1 0 0 48 48
p/objeto_1652996896.1095204.jpg 1 0 0 48 48
p/objeto_1652996896.3658357.jpg 1 0 0 48 48
p/objeto_1652996894.2534842.jpg 1 0 0 48 48
p/objeto_1652996894.5097973.jpg 1 0 0 48 48
p/objeto_1652996895.0373893.jpg 1 0 0 48 48
p/objeto_1652996895.3724926.jpg 1 0 0 48 48
p/objeto_1652996895.5889149.jpg 1 0 0 48 48
p/objeto_1652996895.8063316.jpg 1 0 0 48 48
p/objeto_1652996892.365533.jpg 1 0 0 48 48
p/objeto_1652996892.589934.jpg 1 0 0 48 48
p/objeto_1652996892.83029.jpg 1 0 0 48 48
p/objeto_1652996893.0546913.jpg 1 0 0 48 48
p/objeto_1652996893.29405.jpg 1 0 0 48 48
p/objeto_1652996893.5503652.jpg 1 0 0 48 48
p/objeto_1652996893.7578099.jpg 1 0 0 48 48
p/objeto_1652996893.9822097.jpg 1 0 0 48 48
p/objeto_1652996886.1910465.jpg 1 0 0 48 48
p/objeto_1652996884.0457826.jpg 1 0 0 48 48
p/objeto_1652996884.302096.jpg 1 0 0 48 48
p/objeto_1652996884.8336744.jpg 1 0 0 48 48
p/objeto_1652996885.0700428.jpg 1 0 0 48 48
p/objeto_1652996885.343315.jpg 1 0 0 48 48
p/objeto_1652996885.758203.jpg 1 0 0 48 48
p/objeto_1652996885.9656463.jpg 1 0 0 48 48
p/objeto_1652996882.3493173.jpg 1 0 0 48 48
p/objeto_1652996882.621591.jpg 1 0 0 48 48
p/objeto_1652996883.0215218.jpg 1 0 0 48 48
p/objeto_1652996883.2788332.jpg 1 0 0 48 48
p/objeto_1652996883.613937.jpg 1 0 0 48 48
p/objeto_1652996880.701724.jpg 1 0 0 48 48
p/objeto_1652996881.1654859.jpg 1 0 0 48 48
p/objeto_1652996881.453715.jpg 1 0 0 48 48
p/objeto_1652996874.269923.jpg 1 0 0 48 48
p/objeto_1652996874.5262394.jpg 1 0 0 48 48
p/objeto_1652996872.3500583.jpg 1 0 0 48 48
p/objeto_1652996872.6372893.jpg 1 0 0 48 48
p/objeto_1652996872.9095616.jpg 1 0 0 48 48
p/objeto_1652996873.1658778.jpg 1 0 0 48 48
p/objeto_1652996873.7732508.jpg 1 0 0 48 48
p/objeto_1652996873.933824.jpg 1 0 0 48 48
p/objeto_1652996871.8533862.jpg 1 0 0 48 48
p/objeto_1652996840.2060184.jpg 1 0 0 48 48
p/objeto_1652996840.7006946.jpg 1 0 0 48 48
p/objeto_1652996841.421767.jpg 1 0 0 48 48
p/objeto_1652996838.3180654.jpg 1 0 0 48 48
p/objeto_1652996839.0361438.jpg 1 0 0 48 48
p/objeto_1652996839.5976443.jpg 1 0 0 48 48
p/objeto_1652996831.789524.jpg 1 0 0 48 48
p/objeto_1652996817.4389007.jpg 1 0 0 48 48
p/objeto_1652996812.653697.jpg 1 0 0 48 48
p/objeto_1652996810.2062428.jpg 1 0 0 48 48
p/objeto_1652996811.3731213.jpg 1 0 0 48 48
p/objeto_1652996794.0454593.jpg 1 0 0 48 48
p/objeto_1652996784.6535752.jpg 1 0 0 48 48
p/objeto_1652996785.5491781.jpg 1 0 0 48 48
p/objeto_1652996783.165552.jpg 1 0 0 48 48
p/objeto_1652996780.5096545.jpg 1 0 0 48 48
p/objeto_1652996686.1086328.jpg 1 0 0 48 48
p/objeto_1652996686.572392.jpg 1 0 0 48 48
p/objeto_1652996686.8297048.jpg 1 0 0 48 48
p/objeto_1652996687.0680668.jpg 1 0 0 48 48
p/objeto_1652996687.3273752.jpg 1 0 0 48 48
p/objeto_1652996684.0780642.jpg 1 0 0 48 48
p/objeto_1652996684.3822503.jpg 1 0 0 48 48
p/objeto_1652996684.6854396.jpg 1 0 0 48 48
p/objeto_1652996685.005582.jpg 1 0 0 48 48
p/objeto_1652996685.2459402.jpg 1 0 0 48 48
p/objeto_1652996685.5182118.jpg 1 0 0 48 48
p/objeto_1652996685.805443.jpg 1 0 0 48 48
p/objeto_1652996682.3337266.jpg 1 0 0 48 48
p/objeto_1652996682.765574.jpg 1 0 0 48 48
p/objeto_1652996683.117632.jpg 1 0 0 48 48
p/objeto_1652996683.4846501.jpg 1 0 0 48 48
p/objeto_1652996683.7579207.jpg 1 0 0 48 48
p/objeto_1652996677.7240553.jpg 1 0 0 48 48
p/objeto_1652996662.2055547.jpg 1 0 0 48 48
p/objeto_1652996660.1251163.jpg 1 0 0 48 48
p/objeto_1652996660.397391.jpg 1 0 0 48 48
p/objeto_1652996660.7175322.jpg 1 0 0 48 48
p/objeto_1652996660.987811.jpg 1 0 0 48 48
p/objeto_1652996661.2122107.jpg 1 0 0 48 48
p/objeto_1652996661.613139.jpg 1 0 0 48 48
p/objeto_1652996661.9492407.jpg 1 0 0 48 48
p/objeto_1652996659.1656842.jpg 1 0 0 48 48
p/objeto_1652996659.5975296.jpg 1 0 0 48 48
p/objeto_1652996652.0776386.jpg 1 0 0 48 48
p/objeto_1652996652.333952.jpg 1 0 0 48 48
p/objeto_1652996652.5094836.jpg 1 0 0 48 48
p/objeto_1652996652.7328856.jpg 1 0 0 48 48
p/objeto_1652996653.101899.jpg 1 0 0 48 48
p/objeto_1652996653.3253014.jpg 1 0 0 48 48
p/objeto_1652996653.5337453.jpg 1 0 0 48 48
p/objeto_1652996653.724235.jpg 1 0 0 48 48
p/objeto_1652996651.0523798.jpg 1 0 0 48 48
p/objeto_1652996651.517136.jpg 1 0 0 48 48
p/objeto_1652996651.8701918.jpg 1 0 0 48 48
p/objeto_1652996647.838972.jpg 1 0 0 48 48